[debug] [2021-07-24T04:45:21.689Z] ----------------------------------------------------------------------
[debug] [2021-07-24T04:45:21.691Z] Command:       C:\Program Files\nodejs\node.exe C:\Users\Andrés\AppData\Roaming\npm\node_modules\firebase-tools\lib\bin\firebase.js init
[debug] [2021-07-24T04:45:21.691Z] CLI Version:   9.16.0
[debug] [2021-07-24T04:45:21.691Z] Platform:      win32
[debug] [2021-07-24T04:45:21.691Z] Node Version:  v14.15.1
[debug] [2021-07-24T04:45:21.692Z] Time:          Sat Jul 24 2021 01:45:21 GMT-0300 (hora estándar de Argentina)
[debug] [2021-07-24T04:45:21.692Z] ----------------------------------------------------------------------
[debug] 
[debug] [2021-07-24T04:45:21.693Z] >>> [apiv2][query] GET https://firebase-public.firebaseio.com/cli.json [none]
[debug] [2021-07-24T04:45:21.745Z] > command requires scopes: ["email","openid","https://www.googleapis.com/auth/cloudplatformprojects.readonly","https://www.googleapis.com/auth/firebase","https://www.googleapis.com/auth/cloud-platform"]
[debug] [2021-07-24T04:45:21.746Z] > authorizing via signed-in user (andresgardiol@gmail.com)
[info] 
     ######## #### ########  ######## ########     ###     ######  ########
     ##        ##  ##     ## ##       ##     ##  ##   ##  ##       ##
     ######    ##  ########  ######   ########  #########  ######  ######
     ##        ##  ##    ##  ##       ##     ## ##     ##       ## ##
     ##       #### ##     ## ######## ########  ##     ##  ######  ########

You're about to initialize a Firebase project in this directory:

  E:\PROJECTS-APPS\react-test

Before we get started, keep in mind:

  * You are initializing within an existing Firebase project directory

[debug] [2021-07-24T04:45:22.379Z] <<< [apiv2][status] GET https://firebase-public.firebaseio.com/cli.json 200
[debug] [2021-07-24T04:45:22.379Z] <<< [apiv2][body] GET https://firebase-public.firebaseio.com/cli.json {"cloudBuildErrorAfter":1594252800000,"cloudBuildWarnAfter":1590019200000,"defaultNode10After":1594252800000,"minVersion":"3.0.5","node8DeploysDisabledAfter":1613390400000,"node8RuntimeDisabledAfter":1615809600000,"node8WarnAfter":1600128000000}
[info] 
=== Project Setup
[info] 
[info] First, let's associate this project directory with a Firebase project.
[info] You can create multiple project aliases by running firebase use --add, 
[info] but for now we'll just set up a default project.
[info] 
[info] i  .firebaserc already has a default project, using dice-react-app. 
[debug] [2021-07-24T04:45:28.039Z] > refreshing access token with scopes: []
[debug] [2021-07-24T04:45:28.039Z] >>> HTTP REQUEST POST https://www.googleapis.com/oauth2/v3/token  
 <request body omitted>
[debug] [2021-07-24T04:45:28.227Z] <<< HTTP RESPONSE 200 {"date":"Sat, 24 Jul 2021 04:45:23 GMT","pragma":"no-cache","expires":"Mon, 01 Jan 1990 00:00:00 GMT","cache-control":"no-cache, no-store, max-age=0, must-revalidate","content-type":"application/json; charset=utf-8","vary":"X-Origin, Referer, Origin,Accept-Encoding","server":"scaffolding on HTTPServer2","x-xss-protection":"0","x-frame-options":"SAMEORIGIN","x-content-type-options":"nosniff","alt-svc":"h3=\":443\"; ma=2592000,h3-29=\":443\"; ma=2592000,h3-T051=\":443\"; ma=2592000,h3-Q050=\":443\"; ma=2592000,h3-Q046=\":443\"; ma=2592000,h3-Q043=\":443\"; ma=2592000,quic=\":443\"; ma=2592000; v=\"46,43\"","accept-ranges":"none","transfer-encoding":"chunked"}
[debug] [2021-07-24T04:45:28.242Z] >>> [apiv2][query] GET https://firebase.googleapis.com/v1beta1/projects/dice-react-app [none]
[debug] [2021-07-24T04:45:29.282Z] <<< [apiv2][status] GET https://firebase.googleapis.com/v1beta1/projects/dice-react-app 200
[debug] [2021-07-24T04:45:29.282Z] <<< [apiv2][body] GET https://firebase.googleapis.com/v1beta1/projects/dice-react-app {"projectId":"dice-react-app","projectNumber":"621956094199","displayName":"dice-react-app","name":"projects/dice-react-app","resources":{"hostingSite":"dice-react-app"},"state":"ACTIVE"}
[info] 
=== Hosting:github Setup
[info] 
[info] i  Detected a .git folder at E:\PROJECTS-APPS\react-test 
[info] i  Authorizing with GitHub to upload your service account to a GitHub repository's secrets store. 
[info] 
[info] Visit this URL on this device to log in:
[info] https://github.com/login/oauth/authorize?client_id=89cf50f02ac6aaed3484&state=63692494&redirect_uri=http%3A%2F%2Flocalhost%3A9005&scope=read%3Auser%20repo%20public_repo
[info] 
[info] Waiting for authentication...
[debug] [2021-07-24T04:45:30.229Z] >>> HTTP REQUEST POST https://github.com/login/oauth/access_token  
 {"client_id":"89cf50f02ac6aaed3484","client_secret":"3330d14abc895d9a74d5f17cd7a00711fa2c5bf0","code":"a76f76cf152c2f677b32","redirect_uri":"http://localhost:9005","state":"63692494"}
[debug] [2021-07-24T04:45:30.832Z] <<< HTTP RESPONSE 200 {"server":"GitHub.com","date":"Sat, 24 Jul 2021 04:45:26 GMT","content-type":"application/json; charset=utf-8","transfer-encoding":"chunked","vary":"X-PJAX, Accept-Encoding, Accept, X-Requested-With","permissions-policy":"interest-cohort=()","etag":"W/\"94c15afc7ee4ec005e772150c64a312a\"","cache-control":"max-age=0, private, must-revalidate","strict-transport-security":"max-age=31536000; includeSubdomains; preload","x-frame-options":"deny","x-content-type-options":"nosniff","x-xss-protection":"0","referrer-policy":"origin-when-cross-origin, strict-origin-when-cross-origin","expect-ct":"max-age=2592000, report-uri=\"https://api.github.com/_private/browser/errors\"","content-security-policy":"default-src 'none'; base-uri 'self'; block-all-mixed-content; connect-src 'self' uploads.github.com www.githubstatus.com collector.githubapp.com api.github.com github-cloud.s3.amazonaws.com github-production-repository-file-5c1aeb.s3.amazonaws.com github-production-upload-manifest-file-7fdce7.s3.amazonaws.com github-production-user-asset-6210df.s3.amazonaws.com cdn.optimizely.com logx.optimizely.com/v1/events translator.github.com wss://alive.github.com; font-src github.githubassets.com; form-action 'self' github.com gist.github.com; frame-ancestors 'none'; frame-src render.githubusercontent.com render-temp.githubusercontent.com viewscreen.githubusercontent.com; img-src 'self' data: github.githubassets.com identicons.github.com collector.githubapp.com github-cloud.s3.amazonaws.com secured-user-images.githubusercontent.com/ *.githubusercontent.com; manifest-src 'self'; media-src 'none'; script-src github.githubassets.com; style-src 'unsafe-inline' github.githubassets.com; worker-src github.com/socket-worker-3f088aa2.js gist.github.com/socket-worker-3f088aa2.js","x-github-request-id":"E66A:7EA6:D9972C:19B189C:60FB9AE6"}
[debug] [2021-07-24T04:45:30.835Z] >>> [apiv2][query] GET https://api.github.com/user [none]
[debug] [2021-07-24T04:45:31.323Z] <<< [apiv2][status] GET https://api.github.com/user 200
[debug] [2021-07-24T04:45:31.323Z] <<< [apiv2][body] GET https://api.github.com/user {"login":"andresgardiol","id":21177246,"node_id":"MDQ6VXNlcjIxMTc3MjQ2","avatar_url":"https://avatars.githubusercontent.com/u/21177246?v=4","gravatar_id":"","url":"https://api.github.com/users/andresgardiol","html_url":"https://github.com/andresgardiol","followers_url":"https://api.github.com/users/andresgardiol/followers","following_url":"https://api.github.com/users/andresgardiol/following{/other_user}","gists_url":"https://api.github.com/users/andresgardiol/gists{/gist_id}","starred_url":"https://api.github.com/users/andresgardiol/starred{/owner}{/repo}","subscriptions_url":"https://api.github.com/users/andresgardiol/subscriptions","organizations_url":"https://api.github.com/users/andresgardiol/orgs","repos_url":"https://api.github.com/users/andresgardiol/repos","events_url":"https://api.github.com/users/andresgardiol/events{/privacy}","received_events_url":"https://api.github.com/users/andresgardiol/received_events","type":"User","site_admin":false,"name":"Andres Gardiol","company":"Ualá","blog":"","location":"San Juan, Argentina","email":"andresgardiol@gmail.com","hireable":true,"bio":"Backend Developer","twitter_username":"andres_gardiol","public_repos":13,"public_gists":9,"followers":2,"following":5,"created_at":"2016-08-22T15:23:13Z","updated_at":"2021-07-23T02:17:34Z","private_gists":3,"total_private_repos":8,"owned_private_repos":8,"disk_usage":19418,"collaborators":3,"two_factor_authentication":false,"plan":{"name":"pro","space":976562499,"collaborators":0,"private_repos":9999}}
[info] 
[info] +  Success! Logged into GitHub as andresgardiol 
[info] 
